2024-08-10 13:13:42 INFO  LoggingManager:35 - The log file path is: C:\Users\kwazinkosizwane\eclipse-workspace\takealot-automation\logs\takealot.log
2024-08-10 13:19:46 INFO  LoggingManager:35 - The log file path is: C:\Users\kwazinkosizwane\eclipse-workspace\takealot-automation\logs\takealot.log
2024-08-10 13:21:09 INFO  LoggingManager:35 - The log file path is: C:\Users\kwazinkosizwane\eclipse-workspace\takealot-automation\logs\takealot.log
2024-08-10 13:21:14 INFO  LoggingManager:44 - Logging configured succesfully!!
2024-08-10 13:23:59 INFO  LoggingManager:35 - The log file path is: C:\Users\kwazinkosizwane\eclipse-workspace\takealot-automation\logs\takealot.log
2024-08-10 13:24:01 INFO  LoggingManager:44 - Logging configured succesfully!!
2024-08-10 13:29:53 INFO  LoggingManager:35 - The log file path is: C:\Users\kwazinkosizwane\eclipse-workspace\takealot-automation\logs\takealot.log
2024-08-10 13:29:56 INFO  LoggingManager:44 - Logging configured succesfully!!
2024-08-10 13:30:11 INFO  LoggingManager:44 - Testing home page title
2024-08-10 13:30:17 DEBUG PackageRelationshipCollection:307 - Parsing relationship: /xl/_rels/workbook.xml.rels
2024-08-10 13:30:17 DEBUG PackageRelationshipCollection:307 - Parsing relationship: /xl/worksheets/_rels/sheet2.xml.rels
2024-08-10 13:30:17 DEBUG PackageRelationshipCollection:307 - Parsing relationship: /_rels/.rels
2024-08-10 13:30:18 DEBUG POIXMLFactory:65 - using default POIXMLDocumentPart for http://schemas.openxmlformats.org/officeDocument/2006/relationships/printerSettings
2024-08-10 13:30:24 INFO  LoggingManager:44 - Testing home page title -- PASSED 

2024-08-10 13:30:24 DEBUG PackageRelationshipCollection:307 - Parsing relationship: /xl/_rels/workbook.xml.rels
2024-08-10 13:30:24 DEBUG PackageRelationshipCollection:307 - Parsing relationship: /xl/worksheets/_rels/sheet2.xml.rels
2024-08-10 13:30:24 DEBUG PackageRelationshipCollection:307 - Parsing relationship: /_rels/.rels
2024-08-10 13:30:24 DEBUG POIXMLFactory:65 - using default POIXMLDocumentPart for http://schemas.openxmlformats.org/officeDocument/2006/relationships/printerSettings
2024-08-10 13:30:24 DEBUG PackageRelationshipCollection:307 - Parsing relationship: /xl/_rels/workbook.xml.rels
2024-08-10 13:30:24 DEBUG PackageRelationshipCollection:307 - Parsing relationship: /xl/worksheets/_rels/sheet2.xml.rels
2024-08-10 13:30:24 DEBUG PackageRelationshipCollection:307 - Parsing relationship: /_rels/.rels
2024-08-10 13:30:24 DEBUG POIXMLFactory:65 - using default POIXMLDocumentPart for http://schemas.openxmlformats.org/officeDocument/2006/relationships/printerSettings
2024-08-10 13:30:24 DEBUG PackageRelationshipCollection:307 - Parsing relationship: /xl/_rels/workbook.xml.rels
2024-08-10 13:30:24 DEBUG PackageRelationshipCollection:307 - Parsing relationship: /xl/worksheets/_rels/sheet2.xml.rels
2024-08-10 13:30:24 DEBUG PackageRelationshipCollection:307 - Parsing relationship: /_rels/.rels
2024-08-10 13:30:24 DEBUG POIXMLFactory:65 - using default POIXMLDocumentPart for http://schemas.openxmlformats.org/officeDocument/2006/relationships/printerSettings
2024-08-10 13:30:24 DEBUG PackageRelationshipCollection:307 - Parsing relationship: /xl/_rels/workbook.xml.rels
2024-08-10 13:30:24 DEBUG PackageRelationshipCollection:307 - Parsing relationship: /xl/worksheets/_rels/sheet2.xml.rels
2024-08-10 13:30:24 DEBUG PackageRelationshipCollection:307 - Parsing relationship: /_rels/.rels
2024-08-10 13:30:24 DEBUG POIXMLFactory:65 - using default POIXMLDocumentPart for http://schemas.openxmlformats.org/officeDocument/2006/relationships/printerSettings
2024-08-10 13:30:24 DEBUG PackageRelationshipCollection:307 - Parsing relationship: /xl/_rels/workbook.xml.rels
2024-08-10 13:30:24 DEBUG PackageRelationshipCollection:307 - Parsing relationship: /xl/worksheets/_rels/sheet2.xml.rels
2024-08-10 13:30:24 DEBUG PackageRelationshipCollection:307 - Parsing relationship: /_rels/.rels
2024-08-10 13:30:24 DEBUG POIXMLFactory:65 - using default POIXMLDocumentPart for http://schemas.openxmlformats.org/officeDocument/2006/relationships/printerSettings
2024-08-10 13:30:24 DEBUG PackageRelationshipCollection:307 - Parsing relationship: /xl/_rels/workbook.xml.rels
2024-08-10 13:30:24 DEBUG PackageRelationshipCollection:307 - Parsing relationship: /xl/worksheets/_rels/sheet2.xml.rels
2024-08-10 13:30:24 DEBUG PackageRelationshipCollection:307 - Parsing relationship: /_rels/.rels
2024-08-10 13:30:24 DEBUG POIXMLFactory:65 - using default POIXMLDocumentPart for http://schemas.openxmlformats.org/officeDocument/2006/relationships/printerSettings
2024-08-10 13:30:24 DEBUG PackageRelationshipCollection:307 - Parsing relationship: /xl/_rels/workbook.xml.rels
2024-08-10 13:30:24 DEBUG PackageRelationshipCollection:307 - Parsing relationship: /xl/worksheets/_rels/sheet2.xml.rels
2024-08-10 13:30:24 DEBUG PackageRelationshipCollection:307 - Parsing relationship: /_rels/.rels
2024-08-10 13:30:24 DEBUG POIXMLFactory:65 - using default POIXMLDocumentPart for http://schemas.openxmlformats.org/officeDocument/2006/relationships/printerSettings
2024-08-10 13:30:25 DEBUG PackageRelationshipCollection:307 - Parsing relationship: /xl/_rels/workbook.xml.rels
2024-08-10 13:30:25 DEBUG PackageRelationshipCollection:307 - Parsing relationship: /xl/worksheets/_rels/sheet2.xml.rels
2024-08-10 13:30:25 DEBUG PackageRelationshipCollection:307 - Parsing relationship: /_rels/.rels
2024-08-10 13:30:25 DEBUG POIXMLFactory:65 - using default POIXMLDocumentPart for http://schemas.openxmlformats.org/officeDocument/2006/relationships/printerSettings
2024-08-10 13:30:25 DEBUG PackageRelationshipCollection:307 - Parsing relationship: /xl/_rels/workbook.xml.rels
2024-08-10 13:30:25 DEBUG PackageRelationshipCollection:307 - Parsing relationship: /xl/worksheets/_rels/sheet2.xml.rels
2024-08-10 13:30:25 DEBUG PackageRelationshipCollection:307 - Parsing relationship: /_rels/.rels
2024-08-10 13:30:25 DEBUG POIXMLFactory:65 - using default POIXMLDocumentPart for http://schemas.openxmlformats.org/officeDocument/2006/relationships/printerSettings
2024-08-10 13:30:25 DEBUG PackageRelationshipCollection:307 - Parsing relationship: /xl/_rels/workbook.xml.rels
2024-08-10 13:30:25 DEBUG PackageRelationshipCollection:307 - Parsing relationship: /xl/worksheets/_rels/sheet2.xml.rels
2024-08-10 13:30:25 DEBUG PackageRelationshipCollection:307 - Parsing relationship: /_rels/.rels
2024-08-10 13:30:25 DEBUG POIXMLFactory:65 - using default POIXMLDocumentPart for http://schemas.openxmlformats.org/officeDocument/2006/relationships/printerSettings
2024-08-10 13:30:25 DEBUG PackageRelationshipCollection:307 - Parsing relationship: /xl/_rels/workbook.xml.rels
2024-08-10 13:30:25 DEBUG PackageRelationshipCollection:307 - Parsing relationship: /xl/worksheets/_rels/sheet2.xml.rels
2024-08-10 13:30:25 DEBUG PackageRelationshipCollection:307 - Parsing relationship: /_rels/.rels
2024-08-10 13:30:25 DEBUG POIXMLFactory:65 - using default POIXMLDocumentPart for http://schemas.openxmlformats.org/officeDocument/2006/relationships/printerSettings
2024-08-10 13:30:25 DEBUG PackageRelationshipCollection:307 - Parsing relationship: /xl/_rels/workbook.xml.rels
2024-08-10 13:30:25 DEBUG PackageRelationshipCollection:307 - Parsing relationship: /xl/worksheets/_rels/sheet2.xml.rels
2024-08-10 13:30:25 DEBUG PackageRelationshipCollection:307 - Parsing relationship: /_rels/.rels
2024-08-10 13:30:25 DEBUG POIXMLFactory:65 - using default POIXMLDocumentPart for http://schemas.openxmlformats.org/officeDocument/2006/relationships/printerSettings
2024-08-10 13:30:25 DEBUG PackageRelationshipCollection:307 - Parsing relationship: /xl/_rels/workbook.xml.rels
2024-08-10 13:30:25 DEBUG PackageRelationshipCollection:307 - Parsing relationship: /xl/worksheets/_rels/sheet2.xml.rels
2024-08-10 13:30:25 DEBUG PackageRelationshipCollection:307 - Parsing relationship: /_rels/.rels
2024-08-10 13:30:25 DEBUG POIXMLFactory:65 - using default POIXMLDocumentPart for http://schemas.openxmlformats.org/officeDocument/2006/relationships/printerSettings
2024-08-10 13:30:25 DEBUG PackageRelationshipCollection:307 - Parsing relationship: /xl/_rels/workbook.xml.rels
2024-08-10 13:30:25 DEBUG PackageRelationshipCollection:307 - Parsing relationship: /xl/worksheets/_rels/sheet2.xml.rels
2024-08-10 13:30:25 DEBUG PackageRelationshipCollection:307 - Parsing relationship: /_rels/.rels
2024-08-10 13:30:25 DEBUG POIXMLFactory:65 - using default POIXMLDocumentPart for http://schemas.openxmlformats.org/officeDocument/2006/relationships/printerSettings
2024-08-10 13:30:25 DEBUG PackageRelationshipCollection:307 - Parsing relationship: /xl/_rels/workbook.xml.rels
2024-08-10 13:30:25 DEBUG PackageRelationshipCollection:307 - Parsing relationship: /xl/worksheets/_rels/sheet2.xml.rels
2024-08-10 13:30:25 DEBUG PackageRelationshipCollection:307 - Parsing relationship: /_rels/.rels
2024-08-10 13:30:25 DEBUG POIXMLFactory:65 - using default POIXMLDocumentPart for http://schemas.openxmlformats.org/officeDocument/2006/relationships/printerSettings
2024-08-10 13:30:25 DEBUG PackageRelationshipCollection:307 - Parsing relationship: /xl/_rels/workbook.xml.rels
2024-08-10 13:30:25 DEBUG PackageRelationshipCollection:307 - Parsing relationship: /xl/worksheets/_rels/sheet2.xml.rels
2024-08-10 13:30:25 DEBUG PackageRelationshipCollection:307 - Parsing relationship: /_rels/.rels
2024-08-10 13:30:25 DEBUG POIXMLFactory:65 - using default POIXMLDocumentPart for http://schemas.openxmlformats.org/officeDocument/2006/relationships/printerSettings
2024-08-10 13:30:25 DEBUG PackageRelationshipCollection:307 - Parsing relationship: /xl/_rels/workbook.xml.rels
2024-08-10 13:30:25 DEBUG PackageRelationshipCollection:307 - Parsing relationship: /xl/worksheets/_rels/sheet2.xml.rels
2024-08-10 13:30:25 DEBUG PackageRelationshipCollection:307 - Parsing relationship: /_rels/.rels
2024-08-10 13:30:25 DEBUG POIXMLFactory:65 - using default POIXMLDocumentPart for http://schemas.openxmlformats.org/officeDocument/2006/relationships/printerSettings
2024-08-10 13:30:25 DEBUG PackageRelationshipCollection:307 - Parsing relationship: /xl/_rels/workbook.xml.rels
2024-08-10 13:30:25 DEBUG PackageRelationshipCollection:307 - Parsing relationship: /xl/worksheets/_rels/sheet2.xml.rels
2024-08-10 13:30:25 DEBUG PackageRelationshipCollection:307 - Parsing relationship: /_rels/.rels
2024-08-10 13:30:25 DEBUG POIXMLFactory:65 - using default POIXMLDocumentPart for http://schemas.openxmlformats.org/officeDocument/2006/relationships/printerSettings
2024-08-10 13:30:25 DEBUG PackageRelationshipCollection:307 - Parsing relationship: /xl/_rels/workbook.xml.rels
2024-08-10 13:30:25 DEBUG PackageRelationshipCollection:307 - Parsing relationship: /xl/worksheets/_rels/sheet2.xml.rels
2024-08-10 13:30:25 DEBUG PackageRelationshipCollection:307 - Parsing relationship: /_rels/.rels
2024-08-10 13:30:25 DEBUG POIXMLFactory:65 - using default POIXMLDocumentPart for http://schemas.openxmlformats.org/officeDocument/2006/relationships/printerSettings
2024-08-10 13:30:26 DEBUG PackageRelationshipCollection:307 - Parsing relationship: /xl/_rels/workbook.xml.rels
2024-08-10 13:30:26 DEBUG PackageRelationshipCollection:307 - Parsing relationship: /xl/worksheets/_rels/sheet2.xml.rels
2024-08-10 13:30:26 DEBUG PackageRelationshipCollection:307 - Parsing relationship: /_rels/.rels
2024-08-10 13:30:26 DEBUG POIXMLFactory:65 - using default POIXMLDocumentPart for http://schemas.openxmlformats.org/officeDocument/2006/relationships/printerSettings
2024-08-10 13:30:26 DEBUG PackageRelationshipCollection:307 - Parsing relationship: /xl/_rels/workbook.xml.rels
2024-08-10 13:30:26 DEBUG PackageRelationshipCollection:307 - Parsing relationship: /xl/worksheets/_rels/sheet2.xml.rels
2024-08-10 13:30:26 DEBUG PackageRelationshipCollection:307 - Parsing relationship: /_rels/.rels
2024-08-10 13:30:26 DEBUG POIXMLFactory:65 - using default POIXMLDocumentPart for http://schemas.openxmlformats.org/officeDocument/2006/relationships/printerSettings
2024-08-10 13:30:26 DEBUG PackageRelationshipCollection:307 - Parsing relationship: /xl/_rels/workbook.xml.rels
2024-08-10 13:30:26 DEBUG PackageRelationshipCollection:307 - Parsing relationship: /xl/worksheets/_rels/sheet2.xml.rels
2024-08-10 13:30:26 DEBUG PackageRelationshipCollection:307 - Parsing relationship: /_rels/.rels
2024-08-10 13:30:26 DEBUG POIXMLFactory:65 - using default POIXMLDocumentPart for http://schemas.openxmlformats.org/officeDocument/2006/relationships/printerSettings
2024-08-10 13:30:26 DEBUG PackageRelationshipCollection:307 - Parsing relationship: /xl/_rels/workbook.xml.rels
2024-08-10 13:30:26 DEBUG PackageRelationshipCollection:307 - Parsing relationship: /xl/worksheets/_rels/sheet2.xml.rels
2024-08-10 13:30:26 DEBUG PackageRelationshipCollection:307 - Parsing relationship: /_rels/.rels
2024-08-10 13:30:26 DEBUG POIXMLFactory:65 - using default POIXMLDocumentPart for http://schemas.openxmlformats.org/officeDocument/2006/relationships/printerSettings
2024-08-10 13:30:26 DEBUG PackageRelationshipCollection:307 - Parsing relationship: /xl/_rels/workbook.xml.rels
2024-08-10 13:30:26 DEBUG PackageRelationshipCollection:307 - Parsing relationship: /xl/worksheets/_rels/sheet2.xml.rels
2024-08-10 13:30:26 DEBUG PackageRelationshipCollection:307 - Parsing relationship: /_rels/.rels
2024-08-10 13:30:26 DEBUG POIXMLFactory:65 - using default POIXMLDocumentPart for http://schemas.openxmlformats.org/officeDocument/2006/relationships/printerSettings
2024-08-10 13:30:26 DEBUG PackageRelationshipCollection:307 - Parsing relationship: /xl/_rels/workbook.xml.rels
2024-08-10 13:30:26 DEBUG PackageRelationshipCollection:307 - Parsing relationship: /xl/worksheets/_rels/sheet2.xml.rels
2024-08-10 13:30:26 DEBUG PackageRelationshipCollection:307 - Parsing relationship: /_rels/.rels
2024-08-10 13:30:26 DEBUG POIXMLFactory:65 - using default POIXMLDocumentPart for http://schemas.openxmlformats.org/officeDocument/2006/relationships/printerSettings
2024-08-10 13:30:26 DEBUG PackageRelationshipCollection:307 - Parsing relationship: /xl/_rels/workbook.xml.rels
2024-08-10 13:30:26 DEBUG PackageRelationshipCollection:307 - Parsing relationship: /xl/worksheets/_rels/sheet2.xml.rels
2024-08-10 13:30:26 DEBUG PackageRelationshipCollection:307 - Parsing relationship: /_rels/.rels
2024-08-10 13:30:26 DEBUG POIXMLFactory:65 - using default POIXMLDocumentPart for http://schemas.openxmlformats.org/officeDocument/2006/relationships/printerSettings
2024-08-10 13:30:26 DEBUG PackageRelationshipCollection:307 - Parsing relationship: /xl/_rels/workbook.xml.rels
2024-08-10 13:30:26 DEBUG PackageRelationshipCollection:307 - Parsing relationship: /xl/worksheets/_rels/sheet2.xml.rels
2024-08-10 13:30:26 DEBUG PackageRelationshipCollection:307 - Parsing relationship: /_rels/.rels
2024-08-10 13:30:26 DEBUG POIXMLFactory:65 - using default POIXMLDocumentPart for http://schemas.openxmlformats.org/officeDocument/2006/relationships/printerSettings
2024-08-10 13:30:26 DEBUG PackageRelationshipCollection:307 - Parsing relationship: /xl/_rels/workbook.xml.rels
2024-08-10 13:30:26 DEBUG PackageRelationshipCollection:307 - Parsing relationship: /xl/worksheets/_rels/sheet2.xml.rels
2024-08-10 13:30:26 DEBUG PackageRelationshipCollection:307 - Parsing relationship: /_rels/.rels
2024-08-10 13:30:26 DEBUG POIXMLFactory:65 - using default POIXMLDocumentPart for http://schemas.openxmlformats.org/officeDocument/2006/relationships/printerSettings
2024-08-10 13:30:26 DEBUG PackageRelationshipCollection:307 - Parsing relationship: /xl/_rels/workbook.xml.rels
2024-08-10 13:30:26 DEBUG PackageRelationshipCollection:307 - Parsing relationship: /xl/worksheets/_rels/sheet2.xml.rels
2024-08-10 13:30:26 DEBUG PackageRelationshipCollection:307 - Parsing relationship: /_rels/.rels
2024-08-10 13:30:26 DEBUG POIXMLFactory:65 - using default POIXMLDocumentPart for http://schemas.openxmlformats.org/officeDocument/2006/relationships/printerSettings
2024-08-10 13:30:26 DEBUG PackageRelationshipCollection:307 - Parsing relationship: /xl/_rels/workbook.xml.rels
2024-08-10 13:30:26 DEBUG PackageRelationshipCollection:307 - Parsing relationship: /xl/worksheets/_rels/sheet2.xml.rels
2024-08-10 13:30:26 DEBUG PackageRelationshipCollection:307 - Parsing relationship: /_rels/.rels
2024-08-10 13:30:26 DEBUG POIXMLFactory:65 - using default POIXMLDocumentPart for http://schemas.openxmlformats.org/officeDocument/2006/relationships/printerSettings
2024-08-10 13:30:26 DEBUG PackageRelationshipCollection:307 - Parsing relationship: /xl/_rels/workbook.xml.rels
2024-08-10 13:30:27 DEBUG PackageRelationshipCollection:307 - Parsing relationship: /xl/worksheets/_rels/sheet2.xml.rels
2024-08-10 13:30:27 DEBUG PackageRelationshipCollection:307 - Parsing relationship: /_rels/.rels
2024-08-10 13:30:27 DEBUG POIXMLFactory:65 - using default POIXMLDocumentPart for http://schemas.openxmlformats.org/officeDocument/2006/relationships/printerSettings
2024-08-10 13:30:27 INFO  LoggingManager:44 - Testing search functionality with query: iphone
2024-08-10 13:30:33 INFO  LoggingManager:44 - Products now visible
2024-08-10 13:30:33 INFO  LoggingManager:44 - Testing search functionality {search value = iphone -- PASSED 

2024-08-10 13:30:33 INFO  LoggingManager:44 - Testing search functionality with query: Wireless Earbuds
2024-08-10 13:30:37 INFO  LoggingManager:44 - Products now visible
2024-08-10 13:30:37 INFO  LoggingManager:44 - Testing search functionality {search value = Wireless Earbuds -- PASSED 

2024-08-10 13:30:38 INFO  LoggingManager:44 - Testing search functionality with query: monitor
2024-08-10 13:30:45 INFO  LoggingManager:44 - Products now visible
2024-08-10 13:30:45 INFO  LoggingManager:44 - Testing search functionality {search value = monitor -- PASSED 

2024-08-10 13:30:45 INFO  LoggingManager:44 - Testing search functionality with query: IPHONE 15
2024-08-10 13:30:53 INFO  LoggingManager:44 - Products now visible
2024-08-10 13:30:53 INFO  LoggingManager:44 - Testing search functionality {search value = IPHONE 15 -- PASSED 

2024-08-10 13:30:53 INFO  LoggingManager:44 - Testing search functionality with query: iphone 15
2024-08-10 13:30:59 INFO  LoggingManager:44 - Products now visible
2024-08-10 13:30:59 INFO  LoggingManager:44 - Testing search functionality {search value = iphone 15 -- PASSED 

2024-08-10 13:30:59 INFO  LoggingManager:44 - Testing search functionality with query: 
2024-08-10 13:31:07 INFO  LoggingManager:44 - Testing search functionality {search value =  -- PASSED 

2024-08-10 13:31:07 INFO  LoggingManager:44 - Testing search functionality with query: 
2024-08-10 13:31:14 INFO  LoggingManager:44 - Testing search functionality {search value =  -- PASSED 

2024-08-10 13:31:14 INFO  LoggingManager:44 - Testing search functionality with query: aaaaaaaaaaaaaaaaaaaaaaaaaaaaaaaaaaaaaaaaaaaaaaaaaaaaaaaaaaaaaaaaaaaaaaaaaaaaaaaaaaaaaaaaaaaaaaaaaaaaaaaaaaaaaaaaaa
2024-08-10 13:31:21 INFO  LoggingManager:44 - Testing search functionality {search value = aaaaaaaaaaaaaaaaaaaaaaaaaaaaaaaaaaaaaaaaaaaaaaaaaaaaaaaaaaaaaaaaaaaaaaaaaaaaaaaaaaaaaaaaaaaaaaaaaaaaaaaaaaaaaaaaaa -- PASSED 

2024-08-10 13:31:21 INFO  LoggingManager:44 - Testing search functionality with query: XYZ123NonExistent
2024-08-10 13:31:26 INFO  LoggingManager:44 - Testing search functionality {search value = XYZ123NonExistent -- PASSED 

2024-08-10 13:31:26 INFO  LoggingManager:44 - Testing search functionality with query: gibharish-uhjbjk
2024-08-10 13:31:31 INFO  LoggingManager:44 - Testing search functionality {search value = gibharish-uhjbjk -- PASSED 

